info t=2015-10-27T22:07:49.459Z loading user theme: /usr/share//themes/Linux Mint/cinnamon/cinnamon.css
info t=2015-10-27T22:07:49.474Z added icon directory: /usr/share//themes/Linux Mint/cinnamon/
info t=2015-10-27T22:07:49.710Z loaded at Wed Oct 28 2015 03:37:49 GMT+0530 (IST)
info t=2015-10-27T22:07:50.484Z Loaded applet menu@cinnamon.org in 736 ms
info t=2015-10-27T22:07:50.496Z Loaded applet show-desktop@cinnamon.org in 9 ms
info t=2015-10-27T22:07:50.538Z Role locked: panellauncher
info t=2015-10-27T22:07:50.539Z Loaded applet panel-launchers@cinnamon.org in 40 ms
info t=2015-10-27T22:07:50.559Z Role locked: windowlist
info t=2015-10-27T22:07:50.559Z Loaded applet window-list@cinnamon.org in 17 ms
info t=2015-10-27T22:07:50.584Z Role locked: notifications
info t=2015-10-27T22:07:50.595Z Loaded applet notifications@cinnamon.org in 33 ms
info t=2015-10-27T22:07:50.829Z Loaded applet user@cinnamon.org in 228 ms
info t=2015-10-27T22:07:50.911Z Loaded applet removable-drives@cinnamon.org in 80 ms
info t=2015-10-27T22:07:51.066Z Loaded applet keyboard@cinnamon.org in 153 ms
info t=2015-10-27T22:07:51.154Z Loaded applet bluetooth@cinnamon.org in 87 ms
info t=2015-10-27T22:07:51.318Z Loaded applet network@cinnamon.org in 161 ms
info t=2015-10-27T22:07:51.444Z Loaded applet sound@cinnamon.org in 123 ms
info t=2015-10-27T22:07:51.508Z Loaded applet power@cinnamon.org in 62 ms
info t=2015-10-27T22:07:51.539Z Loaded applet systray@cinnamon.org in 27 ms
info t=2015-10-27T22:07:51.581Z Loaded applet calendar@cinnamon.org in 40 ms
info t=2015-10-27T22:07:51.596Z Loaded applet windows-quick-list@cinnamon.org in 11 ms
info t=2015-10-27T22:08:08.673Z Adding systray: mintupdate.py (20x20px)
